0 info it worked if it ends with ok
1 verbose cli [ '/Users/sunny/.nvm/v0.10.38/bin/node',
1 verbose cli   '/Users/sunny/.nvm/v0.10.38/bin/npm',
1 verbose cli   'start' ]
2 info using npm@1.4.28
3 info using node@v0.10.38
4 verbose run-script [ 'prestart', 'start', 'poststart' ]
5 info prestart senso@0.0.0
6 info start senso@0.0.0
7 verbose unsafe-perm in lifecycle true
8 info senso@0.0.0 Failed to exec start script
9 error senso@0.0.0 start: `npm run build && node server-compiled.js`
9 error Exit status 1
10 error Failed at the senso@0.0.0 start script.
10 error This is most likely a problem with the senso package,
10 error not with npm itself.
10 error Tell the author that this fails on your system:
10 error     npm run build && node server-compiled.js
10 error You can get their info via:
10 error     npm owner ls senso
10 error There is likely additional logging output above.
11 error System Darwin 14.0.0
12 error command "/Users/sunny/.nvm/v0.10.38/bin/node" "/Users/sunny/.nvm/v0.10.38/bin/npm" "start"
13 error cwd /Users/sunny/code/javascript/senso
14 error node -v v0.10.38
15 error npm -v 1.4.28
16 error code ELIFECYCLE
17 verbose exit [ 1, true ]
